# JRE version: OpenJDK Runtime Environment Temurin-21.0.12.1+1 (21.0.12.1+1) (build 21.0.12.1+1-LTS)
# Java VM: OpenJDK 64-Bit Server VM Temurin-21.0.12.1+1 (21.0.12.1+1-LTS, mixed mode, sharing, tiered, compressed oops, compressed class ptrs, g1 gc, windows-amd64)
GC Precious Log:
 CardTable entry size: 512
 Card Set container configuration: InlinePtr #cards 5 size 8 Array Of Cards #cards 12 size 40 Howl #buckets 4 coarsen threshold 1843 Howl Bitmap #cards 512 size 80 coarsen threshold 460 Card regions per heap region 1 cards per card region 2048
 CPUs: 16 total, 16 available
 Memory: 32696M
 Large Page Support: Disabled
 NUMA Support: Disabled
 Compressed Oops: Enabled (32-bit)
 Heap Region Size: 1M
 Heap Min Capacity: 256M
 Heap Initial Capacity: 256M
 Heap Max Capacity: 512M
 Pre-touch: Disabled
 Parallel Workers: 13
 Concurrent Workers: 3
 Concurrent Refinement Workers: 13
 Periodic GC: Disabled
Heap:
 garbage-first heap   total 262144K, used 156123K [0x00000000e0000000, 0x0000000100000000)
  region size 1024K, 113 young (115712K), 5 survivors (5120K)
 Metaspace       used 69154K, committed 71296K, reserved 393216K
  class space    used 10153K, committed 11200K, reserved 327680K
GC Heap History (18 events):
Event: 1.183 GC heap before
{Heap before GC invocations=0 (full 0):
 garbage-first heap   total 262144K, used 26624K [0x00000000e0000000, 0x0000000100000000)
  region size 1024K, 23 young (23552K), 0 survivors (0K)
 Metaspace       used 2532K, committed 2688K, reserved 393216K
  class space    used 291K, committed 384K, reserved 327680K
}
Event: 1.190 GC heap after
{Heap after GC invocations=1 (full 0):
 garbage-first heap   total 262144K, used 11610K [0x00000000e0000000, 0x0000000100000000)
  region size 1024K, 3 young (3072K), 3 survivors (3072K)
 Metaspace       used 2532K, committed 2688K, reserved 393216K
  class space    used 291K, committed 384K, reserved 327680K
}
Event: 1.960 GC heap before
{Heap before GC invocations=1 (full 0):
 garbage-first heap   total 262144K, used 40282K [0x00000000e0000000, 0x0000000100000000)
  region size 1024K, 31 young (31744K), 3 survivors (3072K)
 Metaspace       used 4716K, committed 4928K, reserved 393216K
  class space    used 600K, committed 704K, reserved 327680K
}
Event: 1.963 GC heap after
{Heap after GC invocations=2 (full 0):
 garbage-first heap   total 262144K, used 13277K [0x00000000e0000000, 0x0000000100000000)
  region size 1024K, 2 young (2048K), 2 survivors (2048K)
 Metaspace       used 4716K, committed 4928K, reserved 393216K
  class space    used 600K, committed 704K, reserved 327680K
}
Event: 9.709 GC heap before
{Heap before GC invocations=2 (full 0):
 garbage-first heap   total 262144K, used 130013K [0x00000000e0000000, 0x0000000100000000)
  region size 1024K, 115 young (117760K), 2 survivors (2048K)
 Metaspace       used 20858K, committed 21504K, reserved 393216K
  class space    used 2983K, committed 3328K, reserved 327680K
}
Event: 9.779 GC heap after
{Heap after GC invocations=3 (full 0):
 garbage-first heap   total 262144K, used 24672K [0x00000000e0000000, 0x0000000100000000)
  region size 1024K, 12 young (12288K), 12 survivors (12288K)
 Metaspace       used 20858K, committed 21504K, reserved 393216K
  class space    used 2983K, committed 3328K, reserved 327680K
}
Event: 14.342 GC heap before
{Heap before GC invocations=4 (full 0):
 garbage-first heap   total 262144K, used 126048K [0x00000000e0000000, 0x0000000100000000)
  region size 1024K, 111 young (113664K), 12 survivors (12288K)
 Metaspace       used 34580K, committed 35968K, reserved 393216K
  class space    used 5045K, committed 5696K, reserved 327680K
}
Event: 14.349 GC heap after
{Heap after GC invocations=5 (full 0):
 garbage-first heap   total 262144K, used 30363K [0x00000000e0000000, 0x0000000100000000)
  region size 1024K, 6 young (6144K), 6 survivors (6144K)
 Metaspace       used 34580K, committed 35968K, reserved 393216K
  class space    used 5045K, committed 5696K, reserved 327680K
}
Event: 14.394 GC heap before
{Heap before GC invocations=5 (full 0):
 garbage-first heap   total 262144K, used 32411K [0x00000000e0000000, 0x0000000100000000)
  region size 1024K, 9 young (9216K), 6 survivors (6144K)
 Metaspace       used 34957K, committed 36288K, reserved 393216K
  class space    used 5107K, committed 5760K, reserved 327680K
}
Event: 14.397 GC heap after
{Heap after GC invocations=6 (full 0):
 garbage-first heap   total 262144K, used 30125K [0x00000000e0000000, 0x0000000100000000)
  region size 1024K, 6 young (6144K), 6 survivors (6144K)
 Metaspace       used 34957K, committed 36288K, reserved 393216K
  class space    used 5107K, committed 5760K, reserved 327680K
}
Event: 14.422 GC heap before
{Heap before GC invocations=6 (full 0):
 garbage-first heap   total 262144K, used 31149K [0x00000000e0000000, 0x0000000100000000)
  region size 1024K, 9 young (9216K), 6 survivors (6144K)
 Metaspace       used 35284K, committed 36608K, reserved 393216K
  class space    used 5114K, committed 5760K, reserved 327680K
}
Event: 14.425 GC heap after
{Heap after GC invocations=7 (full 0):
 garbage-first heap   total 262144K, used 30585K [0x00000000e0000000, 0x0000000100000000)
  region size 1024K, 7 young (7168K), 7 survivors (7168K)
 Metaspace       used 35284K, committed 36608K, reserved 393216K
  class space    used 5114K, committed 5760K, reserved 327680K
}
Event: 29.355 GC heap before
{Heap before GC invocations=8 (full 0):
 garbage-first heap   total 262144K, used 180089K [0x00000000e0000000, 0x0000000100000000)
  region size 1024K, 153 young (156672K), 7 survivors (7168K)
 Metaspace       used 50631K, committed 52544K, reserved 393216K
  class space    used 7446K, committed 8384K, reserved 327680K
}
Event: 29.362 GC heap after
{Heap after GC invocations=9 (full 0):
 garbage-first heap   total 262144K, used 38185K [0x00000000e0000000, 0x0000000100000000)
  region size 1024K, 14 young (14336K), 14 survivors (14336K)
 Metaspace       used 50631K, committed 52544K, reserved 393216K
  class space    used 7446K, committed 8384K, reserved 327680K
}
Event: 31.203 GC heap before
{Heap before GC invocations=9 (full 0):
 garbage-first heap   total 262144K, used 122153K [0x00000000e0000000, 0x0000000100000000)
  region size 1024K, 93 young (95232K), 14 survivors (14336K)
 Metaspace       used 59378K, committed 61376K, reserved 393216K
  class space    used 8782K, committed 9792K, reserved 327680K
}
Event: 31.211 GC heap after
{Heap after GC invocations=10 (full 0):
 garbage-first heap   total 262144K, used 45266K [0x00000000e0000000, 0x0000000100000000)
  region size 1024K, 12 young (12288K), 12 survivors (12288K)
 Metaspace       used 59378K, committed 61376K, reserved 393216K
  class space    used 8782K, committed 9792K, reserved 327680K
}
Event: 31.252 GC heap before
{Heap before GC invocations=10 (full 0):
 garbage-first heap   total 262144K, used 47314K [0x00000000e0000000, 0x0000000100000000)
  region size 1024K, 15 young (15360K), 12 survivors (12288K)
 Metaspace       used 59648K, committed 61696K, reserved 393216K
  class space    used 8825K, committed 9856K, reserved 327680K
}
Event: 31.258 GC heap after
{Heap after GC invocations=11 (full 0):
 garbage-first heap   total 262144K, used 46555K [0x00000000e0000000, 0x0000000100000000)
  region size 1024K, 5 young (5120K), 5 survivors (5120K)
 Metaspace       used 59648K, committed 61696K, reserved 393216K
  class space    used 8825K, committed 9856K, reserved 327680K
}

