# JRE version: OpenJDK Runtime Environment Temurin-21.0.12.1+1 (21.0.12.1+1) (build 21.0.12.1+1-LTS)
# Java VM: OpenJDK 64-Bit Server VM Temurin-21.0.12.1+1 (21.0.12.1+1-LTS, mixed mode, sharing, tiered, compressed oops, compressed class ptrs, g1 gc, windows-amd64)
GC Precious Log:
 CardTable entry size: 512
 Card Set container configuration: InlinePtr #cards 5 size 8 Array Of Cards #cards 12 size 40 Howl #buckets 4 coarsen threshold 1843 Howl Bitmap #cards 512 size 80 coarsen threshold 460 Card regions per heap region 1 cards per card region 2048
 CPUs: 16 total, 16 available
 Memory: 32696M
 Large Page Support: Disabled
 NUMA Support: Disabled
 Compressed Oops: Enabled (32-bit)
 Heap Region Size: 1M
 Heap Min Capacity: 256M
 Heap Initial Capacity: 256M
 Heap Max Capacity: 512M
 Pre-touch: Disabled
 Parallel Workers: 13
 Concurrent Workers: 3
 Concurrent Refinement Workers: 13
 Periodic GC: Disabled
Heap:
 garbage-first heap   total 262144K, used 148906K [0x00000000e0000000, 0x0000000100000000)
  region size 1024K, 83 young (84992K), 6 survivors (6144K)
 Metaspace       used 90310K, committed 92928K, reserved 458752K
  class space    used 12935K, committed 14272K, reserved 327680K
GC Heap History (20 events):
Event: 11.030 GC heap before
{Heap before GC invocations=4 (full 0):
 garbage-first heap   total 262144K, used 122817K [0x00000000e0000000, 0x0000000100000000)
  region size 1024K, 105 young (107520K), 13 survivors (13312K)
 Metaspace       used 34721K, committed 35968K, reserved 393216K
  class space    used 4886K, committed 5504K, reserved 327680K
}
Event: 11.036 GC heap after
{Heap after GC invocations=5 (full 0):
 garbage-first heap   total 262144K, used 34793K [0x00000000e0000000, 0x0000000100000000)
  region size 1024K, 17 young (17408K), 17 survivors (17408K)
 Metaspace       used 34721K, committed 35968K, reserved 393216K
  class space    used 4886K, committed 5504K, reserved 327680K
}
Event: 11.114 GC heap before
{Heap before GC invocations=5 (full 0):
 garbage-first heap   total 262144K, used 37865K [0x00000000e0000000, 0x0000000100000000)
  region size 1024K, 21 young (21504K), 17 survivors (17408K)
 Metaspace       used 35043K, committed 36288K, reserved 393216K
  class space    used 4940K, committed 5568K, reserved 327680K
}
Event: 11.119 GC heap after
{Heap after GC invocations=6 (full 0):
 garbage-first heap   total 262144K, used 34914K [0x00000000e0000000, 0x0000000100000000)
  region size 1024K, 7 young (7168K), 7 survivors (7168K)
 Metaspace       used 35043K, committed 36288K, reserved 393216K
  class space    used 4940K, committed 5568K, reserved 327680K
}
Event: 11.190 GC heap before
{Heap before GC invocations=6 (full 0):
 garbage-first heap   total 262144K, used 37986K [0x00000000e0000000, 0x0000000100000000)
  region size 1024K, 11 young (11264K), 7 survivors (7168K)
 Metaspace       used 35364K, committed 36608K, reserved 393216K
  class space    used 4996K, committed 5632K, reserved 327680K
}
Event: 11.193 GC heap after
{Heap after GC invocations=7 (full 0):
 garbage-first heap   total 262144K, used 34726K [0x00000000e0000000, 0x0000000100000000)
  region size 1024K, 6 young (6144K), 6 survivors (6144K)
 Metaspace       used 35364K, committed 36608K, reserved 393216K
  class space    used 4996K, committed 5632K, reserved 327680K
}
Event: 14.945 GC heap before
{Heap before GC invocations=8 (full 0):
 garbage-first heap   total 262144K, used 184230K [0x00000000e0000000, 0x0000000100000000)
  region size 1024K, 153 young (156672K), 6 survivors (6144K)
 Metaspace       used 52739K, committed 54656K, reserved 393216K
  class space    used 7682K, committed 8640K, reserved 327680K
}
Event: 14.953 GC heap after
{Heap after GC invocations=9 (full 0):
 garbage-first heap   total 262144K, used 44966K [0x00000000e0000000, 0x0000000100000000)
  region size 1024K, 16 young (16384K), 16 survivors (16384K)
 Metaspace       used 52739K, committed 54656K, reserved 393216K
  class space    used 7682K, committed 8640K, reserved 327680K
}
Event: 16.884 GC heap before
{Heap before GC invocations=9 (full 0):
 garbage-first heap   total 262144K, used 114598K [0x00000000e0000000, 0x0000000100000000)
  region size 1024K, 86 young (88064K), 16 survivors (16384K)
 Metaspace       used 59116K, committed 61120K, reserved 393216K
  class space    used 8591K, committed 9600K, reserved 327680K
}
Event: 16.892 GC heap after
{Heap after GC invocations=10 (full 0):
 garbage-first heap   total 262144K, used 52224K [0x00000000e0000000, 0x0000000100000000)
  region size 1024K, 18 young (18432K), 18 survivors (18432K)
 Metaspace       used 59116K, committed 61120K, reserved 393216K
  class space    used 8591K, committed 9600K, reserved 327680K
}
Event: 16.926 GC heap before
{Heap before GC invocations=10 (full 0):
 garbage-first heap   total 262144K, used 53248K [0x00000000e0000000, 0x0000000100000000)
  region size 1024K, 20 young (20480K), 18 survivors (18432K)
 Metaspace       used 59417K, committed 61440K, reserved 393216K
  class space    used 8636K, committed 9664K, reserved 327680K
}
Event: 16.932 GC heap after
{Heap after GC invocations=11 (full 0):
 garbage-first heap   total 262144K, used 53088K [0x00000000e0000000, 0x0000000100000000)
  region size 1024K, 9 young (9216K), 9 survivors (9216K)
 Metaspace       used 59417K, committed 61440K, reserved 393216K
  class space    used 8636K, committed 9664K, reserved 327680K
}
Event: 24.708 GC heap before
{Heap before GC invocations=12 (full 0):
 garbage-first heap   total 262144K, used 200544K [0x00000000e0000000, 0x0000000100000000)
  region size 1024K, 153 young (156672K), 9 survivors (9216K)
 Metaspace       used 73724K, committed 76160K, reserved 393216K
  class space    used 10745K, committed 11968K, reserved 327680K
}
Event: 24.714 GC heap after
{Heap after GC invocations=13 (full 0):
 garbage-first heap   total 262144K, used 59130K [0x00000000e0000000, 0x0000000100000000)
  region size 1024K, 15 young (15360K), 15 survivors (15360K)
 Metaspace       used 73724K, committed 76160K, reserved 393216K
  class space    used 10745K, committed 11968K, reserved 327680K
}
Event: 28.453 GC heap before
{Heap before GC invocations=13 (full 0):
 garbage-first heap   total 262144K, used 200442K [0x00000000e0000000, 0x0000000100000000)
  region size 1024K, 153 young (156672K), 15 survivors (15360K)
 Metaspace       used 86135K, committed 88768K, reserved 458752K
  class space    used 12566K, committed 13888K, reserved 327680K
}
Event: 28.462 GC heap after
{Heap after GC invocations=14 (full 0):
 garbage-first heap   total 262144K, used 65469K [0x00000000e0000000, 0x0000000100000000)
  region size 1024K, 15 young (15360K), 15 survivors (15360K)
 Metaspace       used 86135K, committed 88768K, reserved 458752K
  class space    used 12566K, committed 13888K, reserved 327680K
}
Event: 48.671 GC heap before
{Heap before GC invocations=14 (full 0):
 garbage-first heap   total 262144K, used 206781K [0x00000000e0000000, 0x0000000100000000)
  region size 1024K, 153 young (156672K), 15 survivors (15360K)
 Metaspace       used 89304K, committed 91968K, reserved 458752K
  class space    used 12929K, committed 14272K, reserved 327680K
}
Event: 48.678 GC heap after
{Heap after GC invocations=15 (full 0):
 garbage-first heap   total 262144K, used 73868K [0x00000000e0000000, 0x0000000100000000)
  region size 1024K, 16 young (16384K), 16 survivors (16384K)
 Metaspace       used 89304K, committed 91968K, reserved 458752K
  class space    used 12929K, committed 14272K, reserved 327680K
}
Event: 64.767 GC heap before
{Heap before GC invocations=15 (full 0):
 garbage-first heap   total 262144K, used 214156K [0x00000000e0000000, 0x0000000100000000)
  region size 1024K, 153 young (156672K), 16 survivors (16384K)
 Metaspace       used 90057K, committed 92736K, reserved 458752K
  class space    used 12933K, committed 14272K, reserved 327680K
}
Event: 64.773 GC heap after
{Heap after GC invocations=16 (full 0):
 garbage-first heap   total 262144K, used 71082K [0x00000000e0000000, 0x0000000100000000)
  region size 1024K, 6 young (6144K), 6 survivors (6144K)
 Metaspace       used 90057K, committed 92736K, reserved 458752K
  class space    used 12933K, committed 14272K, reserved 327680K
}

